This is TeX, Version 3.14159 (Web2C 7.3.3.1) (format=latex 2001.9.18)  16 NOV 2001 10:25
**\makeatletter\def\HCode{\futurelet\HCode\HChar}\def\HChar{\ifx"\HCode\def\HCo
de"##1"{\Link##1}\expandafter\HCode\else\expandafter\Link\fi}\def\Link#1.a.b.c.
{\g@addto@macro\@documentclasshook{\RequirePackage[#1,html]{tex4ht}}\let\HCode\
documentstyle\def\documentstyle{\let\documentstyle\HCode\expandafter\def\csname
 tex4ht\endcsname{#1,html}\def\HCode####1{\documentstyle[tex4ht,}\@ifnextchar[{
\HCode}{\documentstyle[tex4ht]}}}\makeatother\HCode .a.b.c.\input  article
(./article.tex (/usr/local/TeXlive/texmf/tex/latex/base/article.cls
Document Class: article 2000/05/19 v1.4b Standard LaTeX document class
(/usr/local/TeXlive/texmf/tex/latex/base/size10.clo
File: size10.clo 2000/05/19 v1.4b Standard LaTeX file (size option)
)
\c@part=\count79
\c@section=\count80
\c@subsection=\count81
\c@subsubsection=\count82
\c@paragraph=\count83
\c@subparagraph=\count84
\c@figure=\count85
\c@table=\count86
\abovecaptionskip=\skip41
\belowcaptionskip=\skip42
\bibindent=\dimen102
)
(/usr/local/TeXlive/texmf/tex/generic/tex4ht/tex4ht.sty
version 2001-02-27-12:01
Package: tex4ht 
)
(/usr/local/TeXlive/texmf/tex/latex/base/inputenc.sty
Package: inputenc 2000/07/01 v0.996 Input encoding file 

(/usr/local/TeXlive/texmf/tex/latex/base/latin1.def
File: latin1.def 2000/07/01 v0.996 Input encoding file 
))
(/usr/local/TeXlive/texmf/tex/latex/base/fontenc.sty
Package: fontenc 2000/08/30 v1.91 Standard LaTeX package

(/usr/local/TeXlive/texmf/tex/latex/base/t1enc.def
File: t1enc.def 2000/08/30 v1.91 Standard LaTeX file
LaTeX Font Info:    Redeclaring font encoding T1 on input line 38.
))
(/users/lit/keryell/TeX/bib/bbold2e.sty
\symbbold=\mathgroup4
)
(/users/lit/keryell/TeX/bib/perso2e.sty
\une@boiteperso=\box26
\une@autreboiteperso=\box27
\c@XItmp=\count87
\c@pageautre=\count88
\@bellecitationdim=\dimen103
\parindentorig=\dimen104
)
(/users/lit/keryell/TeX/bib/LienPDF.sty)
(/usr/local/TeXlive/texmf/tex/generic/babel/babel.sty
Package: babel 2001/03/01 v3.7h The Babel package

(/usr/local/TeXlive/texmf/tex/generic/babel/frenchb.ldf
Language: french 2001/03/01 v1.5e French support from the babel system

(/usr/local/TeXlive/texmf/tex/generic/babel/babel.def
File: babel.def 2001/03/01 v3.7h Babel common definitions
\babel@savecnt=\count89
\U@D=\dimen105
)

Package babel Warning: No hyphenation patterns were loaded for
(babel)                the language `French'
(babel)                I will use the patterns loaded for \language=0 instead.

\l@french = a dialect from \language0
Package babel Info: Making : an active character on input line 200.
Package babel Info: Making ; an active character on input line 201.
Package babel Info: Making ! an active character on input line 202.
Package babel Info: Making ? an active character on input line 203.
*************************************
* Local config file frenchb.cfg used
*
(/usr/local/TeXlive/texmf/tex/generic/babel/frenchb.cfg)))
(/usr/local/TeXlive/texmf/tex/latex/graphics/graphicx.sty
Package: graphicx 1999/02/16 v1.0f Enhanced LaTeX Graphics (DPC,SPQR)

(/usr/local/TeXlive/texmf/tex/latex/graphics/keyval.sty
Package: keyval 1999/03/16 v1.13 key=value parser (DPC)
\KV@toks@=\toks14
)
(/usr/local/TeXlive/texmf/tex/latex/graphics/graphics.sty
Package: graphics 1999/02/16 v1.0l Standard LaTeX Graphics (DPC,SPQR)

(/usr/local/TeXlive/texmf/tex/latex/graphics/trig.sty
Package: trig 1999/03/16 v1.09 sin cos tan (DPC)
)
(/usr/local/TeXlive/texmf/tex/latex/texlive/graphics.cfg
File: graphics.cfg 2001/03/31 v1.0 graphics configuration of teTeX/TeXLive
)
Package graphics Info: Driver file: dvips.def on input line 80.

(/usr/local/TeXlive/texmf/tex/latex/graphics/dvips.def
File: dvips.def 1999/02/16 v3.0i Driver-dependant file (DPC,SPQR)
))
\Gin@req@height=\dimen106
\Gin@req@width=\dimen107
)
(/usr/local/TeXlive/texmf/tex/latex/base/alltt.sty
Package: alltt 1997/06/16 v2.0g defines alltt environment
)
(/usr/local/TeXlive/texmf/tex/latex/fancybox/fancybox.sty
Package: fancybox 2000/09/19 1.3

Style option: `fancybox' v1.3 <2000/09/19> (tvz)
\@fancybox=\box28
\shadowsize=\dimen108
\@Sbox=\box29
\do@VerbBox=\toks15
\the@fancyput=\toks16
\this@fancyput=\toks17
\EndVerbatimTokens=\toks18
\Verbatim@Outfile=\write3
\Verbatim@Infile=\read1
) (/usr/local/TeXlive/texmf/tex/latex/amslatex/amsmath.sty
Package: amsmath 2000/07/18 v2.13 AMS math features
\@mathmargin=\skip43

For additional information on amsmath, use the `?' option.
(/usr/local/TeXlive/texmf/tex/latex/amslatex/amstext.sty
Package: amstext 2000/06/29 v2.01

(/usr/local/TeXlive/texmf/tex/latex/amslatex/amsgen.sty
File: amsgen.sty 1999/11/30 v2.0
\@emptytoks=\toks19
\ex@=\dimen109
))
(/usr/local/TeXlive/texmf/tex/latex/amslatex/amsbsy.sty
Package: amsbsy 1999/11/29 v1.2d
\pmbraise@=\dimen110
)
(/usr/local/TeXlive/texmf/tex/latex/amslatex/amsopn.sty
Package: amsopn 1999/12/14 v2.01 operator names
)
\inf@bad=\count90
LaTeX Info: Redefining \frac on input line 211.
\uproot@=\count91
\leftroot@=\count92
LaTeX Info: Redefining \overline on input line 307.
\classnum@=\count93
\DOTSCASE@=\count94
LaTeX Info: Redefining \ldots on input line 379.
LaTeX Info: Redefining \dots on input line 382.
LaTeX Info: Redefining \cdots on input line 467.
\Mathstrutbox@=\box30
\strutbox@=\box31
\big@size=\dimen111
LaTeX Font Info:    Redeclaring font encoding OML on input line 567.
LaTeX Font Info:    Redeclaring font encoding OMS on input line 568.
\macc@depth=\count95
\c@MaxMatrixCols=\count96
\dotsspace@=\muskip10
\c@parentequation=\count97
\dspbrk@lvl=\count98
\tag@help=\toks20
\row@=\count99
\column@=\count100
\maxfields@=\count101
\andhelp@=\toks21
\eqnshift@=\dimen112
\alignsep@=\dimen113
\tagshift@=\dimen114
\tagwidth@=\dimen115
\totwidth@=\dimen116
\lineht@=\dimen117
\@envbody=\toks22
\multlinegap=\skip44
\multlinetaggap=\skip45
\mathdisplay@stack=\toks23
LaTeX Info: Redefining \[ on input line 2666.
LaTeX Info: Redefining \] on input line 2667.
)
(/usr/local/TeXlive/texmf/tex/latex/hyperref/hyperref.sty
Package: hyperref 2001/05/26 v6.71g Hypertext links for LaTeX
\@linkdim=\dimen118
\Hy@linkcounter=\count102
\Hy@pagecounter=\count103

(/usr/local/TeXlive/texmf/tex/latex/hyperref/pd1enc.def
File: pd1enc.def 2001/05/26 v6.71g Hyperref: PDFDocEncoding definition (HO)
)
(/usr/local/TeXlive/texmf/tex/latex/texlive/hyperref.cfg
File: hyperref.cfg 2001/06/04 v1.0 hyperref configuration of TeXLive
)
Package hyperref Info: Option `colorlinks' set `true' on input line 1606.
Package hyperref Info: Bookmarks ON on input line 1664.
Package hyperref Info: Hyper figures OFF on input line 1683.
Package hyperref Info: Link nesting OFF on input line 1688.
Package hyperref Info: Hyper index ON on input line 1691.
Package hyperref Info: Plain pages ON on input line 1696.
Package hyperref Info: Backreferencing OFF on input line 1703.

Implicit mode ON; LaTeX internals redefined
(/usr/local/TeXlive/texmf/tex/latex/ltxmisc/url.sty
\Urlmuskip=\muskip11
Package: url 1999/03/28  ver 1.5x  Verb mode for urls, etc.
)
LaTeX Info: Redefining \url on input line 1913.
\Fld@menulength=\count104
\Field@Width=\dimen119
\Fld@charsize=\dimen120
\Choice@toks=\toks24
\Field@toks=\toks25
Package hyperref Info: Hyper figures OFF on input line 2359.
Package hyperref Info: Link nesting OFF on input line 2364.
Package hyperref Info: Hyper index ON on input line 2367.
Package hyperref Info: backreferencing OFF on input line 2374.
Package hyperref Info: Link coloring ON on input line 2377.
\c@Item=\count105
\c@Hfootnote=\count106
)
*hyperref using driver htex4ht*
(/usr/local/TeXlive/texmf/tex/latex/hyperref/htex4ht.def
File: htex4ht.def 2001/05/26 v6.71g Hyperref driver for TeX4ht

hyperref tex4ht: tex4ht already loaded
) (/users/lit/keryell/TeX/bib/abbrev_reactive.sty
(/usr/local/TeXlive/texmf/tex/latex/tools/xspace.sty
Package: xspace 1997/10/13 v1.06 Space after command names (DPC)
)
(/usr/local/TeXlive/texmf/tex/latex/comment/comment.sty
\CommentStream=\write4

Excluding comment 'comment'))
\@indexfile=\write5
\openout5 = `article.idx'.


Writing index file article.idx
(/usr/local/TeXlive/texmf/tex/generic/tex4ht/tex4ht.4ht
version 2001-01-17-10:39
--- Note --- for additional information, use the command line option `info'

--- Note --- TeX4ht notes are available in the log file
) (/usr/local/TeXlive/texmf/tex/generic/tex4ht/tex4ht.sty
version 2001-02-27-12:01

--- needs --- tex4ht article ---
\tmp:cnt=\count107
\openout15 = `article.tmp'.

(./article.tmp)
\tmp:toks=\toks26
\tmp:dim=\skip46
 (./article.xref)
\:refout=\write6
\openout6 = `article.xref'.


(/usr/local/TeXlive/texmf/tex/generic/tex4ht/html4.4ht
version 2001-02-13-10:18
)
(/usr/local/TeXlive/texmf/tex/generic/tex4ht/html4-math.4ht
version 2001-02-13-10:18
)
--- Note --- for marking of the base font, use the command line option `fonts+'

--- Note --- for non active _, use the command line option `no_'
--- Note --- for _ of catcode 13, use the command line option `_13'
--- Note --- for non actine ^, use the command line option `no^'
--- Note --- for ^ of catcode 13, use the command line option `^13'

(/usr/local/TeXlive/texmf/tex/generic/tex4ht/html4.4ht
version 2001-02-13-10:18
--- Note --- for content and toc in 2 frames, use the command line option `fram
es'
TeX4ht package options: html
--- Note --- for pop ups on mouse over, use the command line option `mouseover'

)
(/usr/local/TeXlive/texmf/tex/generic/tex4ht/html4-math.4ht
version 2001-02-13-10:18
)
\:tokwrite=\toks27
\:tokpage=\toks28
--- Note --- for back links to toc, use the command line option `sections+'
--- Note --- for linear crosslinks of pages, use the command line option `next'

\openout15 = `article.4ct'.

\:tocout=\write7
\openout7 = `article.4tc'.


(/usr/local/TeXlive/texmf/tex/generic/tex4ht/latex.4ht
version 2001-02-09-03:25
--- Note --- for links into captions, instead of float heads, use the command l
ine option `refcaption'

(/usr/local/TeXlive/texmf/tex/generic/tex4ht/html4.4ht
version 2001-02-13-10:18
--- Note --- for inline footnotes use command line option `fn-in'
)
(/usr/local/TeXlive/texmf/tex/generic/tex4ht/html4-math.4ht
version 2001-02-13-10:18
))
(/usr/local/TeXlive/texmf/tex/generic/tex4ht/fontmath.4ht
version 2001-02-09-03:25

(/usr/local/TeXlive/texmf/tex/generic/tex4ht/html4.4ht
version 2001-02-13-10:18
--- Note --- for tracing of latex font commands, use the command line option `f
onts'
)
(/usr/local/TeXlive/texmf/tex/generic/tex4ht/html4-math.4ht
version 2001-02-13-10:18
))
(/usr/local/TeXlive/texmf/tex/generic/tex4ht/article.4ht
version 2001-02-09-03:25

(/usr/local/TeXlive/texmf/tex/generic/tex4ht/html4.4ht
version 2001-02-13-10:18
--- Note --- for automatic sectioning pagination, use the command line option `
1', `2', or `3'
)
(/usr/local/TeXlive/texmf/tex/generic/tex4ht/html4-math.4ht
version 2001-02-13-10:18
))
(/usr/local/TeXlive/texmf/tex/generic/tex4ht/inputenc.4ht
version 2001-02-09-03:25

(/usr/local/TeXlive/texmf/tex/generic/tex4ht/html4.4ht
version 2001-02-13-10:18
)
(/usr/local/TeXlive/texmf/tex/generic/tex4ht/html4-math.4ht
version 2001-02-13-10:18
))
(/usr/local/TeXlive/texmf/tex/generic/tex4ht/latin1.4ht
version 2001-02-09-03:25

(/usr/local/TeXlive/texmf/tex/generic/tex4ht/html4.4ht
version 2001-02-13-10:18
)
(/usr/local/TeXlive/texmf/tex/generic/tex4ht/html4-math.4ht
version 2001-02-13-10:18
))
(/usr/local/TeXlive/texmf/tex/generic/tex4ht/babel.4ht
version 2001-02-09-03:25

(/usr/local/TeXlive/texmf/tex/generic/tex4ht/html4.4ht
version 2001-02-13-10:18
)
(/usr/local/TeXlive/texmf/tex/generic/tex4ht/html4-math.4ht
version 2001-02-13-10:18
))
(/usr/local/TeXlive/texmf/tex/generic/tex4ht/frenchb.4ht
version 2001-02-09-03:25

(/usr/local/TeXlive/texmf/tex/generic/tex4ht/html4.4ht
version 2001-02-13-10:18
)
(/usr/local/TeXlive/texmf/tex/generic/tex4ht/html4-math.4ht
version 2001-02-13-10:18
))
(/usr/local/TeXlive/texmf/tex/generic/tex4ht/graphics.4ht
version 2001-02-09-03:25

(/usr/local/TeXlive/texmf/tex/generic/tex4ht/html4.4ht
version 2001-02-13-10:18
)
(/usr/local/TeXlive/texmf/tex/generic/tex4ht/html4-math.4ht
version 2001-02-13-10:18
))
(/usr/local/TeXlive/texmf/tex/generic/tex4ht/alltt.4ht
version 2001-02-09-03:25

(/usr/local/TeXlive/texmf/tex/generic/tex4ht/html4.4ht
version 2001-02-13-10:18
)
(/usr/local/TeXlive/texmf/tex/generic/tex4ht/html4-math.4ht
version 2001-02-13-10:18
))
(/usr/local/TeXlive/texmf/tex/generic/tex4ht/fancybox.4ht
version 2001-02-09-03:25

(/usr/local/TeXlive/texmf/tex/generic/tex4ht/html4.4ht
version 2001-02-13-10:18
)
(/usr/local/TeXlive/texmf/tex/generic/tex4ht/html4-math.4ht
version 2001-02-13-10:18
))
(/usr/local/TeXlive/texmf/tex/generic/tex4ht/amsmath.4ht
version 2001-02-09-03:25

(/usr/local/TeXlive/texmf/tex/generic/tex4ht/html4.4ht
version 2001-02-13-10:18
)
(/usr/local/TeXlive/texmf/tex/generic/tex4ht/html4-math.4ht
version 2001-02-13-10:18
))
(/usr/local/TeXlive/texmf/tex/generic/tex4ht/amstext.4ht
version 2001-02-09-03:25

(/usr/local/TeXlive/texmf/tex/generic/tex4ht/html4.4ht
version 2001-02-13-10:18
)
(/usr/local/TeXlive/texmf/tex/generic/tex4ht/html4-math.4ht
version 2001-02-13-10:18
))
(/usr/local/TeXlive/texmf/tex/generic/tex4ht/amsbsy.4ht
version 2001-02-09-03:25

(/usr/local/TeXlive/texmf/tex/generic/tex4ht/html4.4ht
version 2001-02-13-10:18
)
(/usr/local/TeXlive/texmf/tex/generic/tex4ht/html4-math.4ht
version 2001-02-13-10:18
))
(/usr/local/TeXlive/texmf/tex/generic/tex4ht/amsopn.4ht
version 2001-02-09-03:25

(/usr/local/TeXlive/texmf/tex/generic/tex4ht/html4.4ht
version 2001-02-13-10:18
)
(/usr/local/TeXlive/texmf/tex/generic/tex4ht/html4-math.4ht
version 2001-02-13-10:18
))
(/usr/local/TeXlive/texmf/tex/generic/tex4ht/hyperref.4ht
version 2001-02-09-03:25
LaTeX Info: Redefining \ref on input line 37.

l.52 --- TeX4ht warning --- improper key (in \usepackage[...]{hyperref}?) ---
(/usr/local/TeXlive/texmf/tex/generic/tex4ht/html4.4ht
version 2001-02-13-10:18
)
(/usr/local/TeXlive/texmf/tex/generic/tex4ht/html4-math.4ht
version 2001-02-13-10:18
))
(/usr/local/TeXlive/texmf/tex/generic/tex4ht/url.4ht
version 2001-02-09-03:25

(/usr/local/TeXlive/texmf/tex/generic/tex4ht/html4.4ht
version 2001-02-13-10:18
)
(/usr/local/TeXlive/texmf/tex/generic/tex4ht/html4-math.4ht
version 2001-02-13-10:18
))) (./article.aux)
\openout1 = `article.aux'.

LaTeX Font Info:    Checking defaults for OML/cmm/m/it on input line 63.
LaTeX Font Info:    ... okay on input line 63.
LaTeX Font Info:    Checking defaults for T1/cmr/m/n on input line 63.
LaTeX Font Info:    ... okay on input line 63.
LaTeX Font Info:    Checking defaults for OT1/cmr/m/n on input line 63.
LaTeX Font Info:    ... okay on input line 63.
LaTeX Font Info:    Checking defaults for OMS/cmsy/m/n on input line 63.
LaTeX Font Info:    ... okay on input line 63.
LaTeX Font Info:    Checking defaults for OMX/cmex/m/n on input line 63.
LaTeX Font Info:    ... okay on input line 63.
LaTeX Font Info:    Checking defaults for U/cmr/m/n on input line 63.
LaTeX Font Info:    ... okay on input line 63.
LaTeX Font Info:    Checking defaults for PD1/pdf/m/n on input line 63.
LaTeX Font Info:    ... okay on input line 63.


Package frenchb.ldf Warning: The definition of \@makecaption has been changed,
(frenchb.ldf)                frenchb will NOT customize it. on input line 63.

LaTeX Info: Redefining \dots on input line 63.
(/usr/local/TeXlive/texmf/tex/latex/graphics/color.sty
Package: color 1999/02/16 v1.0i Standard LaTeX Color (DPC)

(/usr/local/TeXlive/texmf/tex/latex/texlive/color.cfg
File: color.cfg 2001/03/31 v1.0 color configuration of teTeX/TeXLive
)
Package color Info: Driver file: dvips.def on input line 125.

(/usr/local/TeXlive/texmf/tex/latex/graphics/dvipsnam.def
File: dvipsnam.def 1999/02/16 v3.0i Driver-dependant file (DPC,SPQR)
))
Package hyperref Info: Link coloring ON on input line 63.
LaTeX Info: Redefining \ref on input line 63.
LaTeX Info: Redefining \pageref on input line 63.

--- file article.css ---
LaTeX Font Info:    Try loading font information for T1+cmtt on input line 105.

(/usr/local/TeXlive/texmf/tex/latex/base/t1cmtt.fd
File: t1cmtt.fd 1999/05/25 v2.5h Standard LaTeX font definitions
) [1

] [2] [3] [4] [5]
LaTeX Font Info:    Font shape `T1/cmtt/bx/n' in size <10> not available
(Font)              Font shape `T1/cmtt/m/n' tried instead on input line 386.

[6] [7] [8] [9] [10

]
l. 576 Writing article.idv[1] (article0x.gif)
File: images/20010928.ps Graphic file (type eps)
<images/20010928.ps> [11

] [12

] [13] [14] [15] [16] [17

] [18]
l. 1066 Writing article.idv[2] (article1x.gif)
[19]
Overfull \hbox (19.34778pt too wide) in paragraph at lines 1097--1097
[][][]\T1/cmtt/m/n/7 #[][][]$Header:[]/users/lit/keryell/TeX/conf/JRES2001/aman
da/article.tex,v[]1.5[]2001/11/16[]09:23:44[]keryell[]Exp[]$[]  
 []

[20] [21] [22] [23] [24] [25] (./article.bbl [26]) [27] (./article.aux) ) 
Here is how much of TeX's memory you used:
 7416 strings out of 61408
 90370 string characters out of 4945865
 205776 words of memory out of 8000001
 10146 multiletter control sequences out of 10000+65535
 16516 words of font info for 38 fonts, out of 1000000 for 1000
 14 hyphenation exceptions out of 1000
 27i,6n,26p,815b,655s stack positions out of 15000i,4000n,6000p,200000b,40000s

Output written on article.dvi (27 pages, 181204 bytes).
