This is pdfeTeX, Version 3.141592-1.21a-2.2 (Web2C 7.5.4) (format=latex 2005.11.6)  21 NOV 2005 19:23
entering extended mode
**\makeatletter\def\HCode{\futurelet\HCode\HChar}\def\HChar{\ifx"\HCode\def\HCo
de"##1"{\Link##1}\expandafter\HCode\else\expandafter\Link\fi}\def\Link#1.a.b.c.
{\g@addto@macro\@documentclasshook{\RequirePackage[#1,html]{tex4ht}}\let\HCode\
documentstyle\def\documentstyle{\let\documentstyle\HCode\expandafter\def\csname
 tex4ht\endcsname{#1,html}\def\HCode####1{\documentstyle[tex4ht,}\@ifnextchar[{
\HCode}{\documentstyle[tex4ht]}}}\makeatother\HCode .a.b.c.\input  index
(./index.tex (/usr/share/texmf/tex/latex/base/article.cls
Document Class: article 2004/02/16 v1.4f Standard LaTeX document class
(/usr/share/texmf/tex/latex/base/size10.clo
File: size10.clo 2004/02/16 v1.4f Standard LaTeX file (size option)
)
\c@part=\count79
\c@section=\count80
\c@subsection=\count81
\c@subsubsection=\count82
\c@paragraph=\count83
\c@subparagraph=\count84
\c@figure=\count85
\c@table=\count86
\abovecaptionskip=\skip41
\belowcaptionskip=\skip42
\bibindent=\dimen102
)
(/usr/share/texmf/tex/generic/tex4ht/tex4ht.sty
version 2005-03-25-09:49
Package: tex4ht 
--------------------------------------
--- Note --- for _ at preamble, use the command line option `early_'
--------------------------------------
--------------------------------------
--- Note --- for ^ at preamble, use the command line option `early^'
--------------------------------------
)
(/usr/share/texmf/tex/generic/tex4ht/usepackage.4ht
version 2005-03-27-10:43
)
(/usr/share/texmf/tex/latex/base/inputenc.sty
Package: inputenc 2004/02/05 v1.0d Input encoding file

(/usr/share/texmf/tex/latex/base/latin1.def
File: latin1.def 2004/02/05 v1.0d Input encoding file
))
(/usr/share/texmf/tex/latex/base/fontenc.sty
Package: fontenc 2004/02/22 v1.99f Standard LaTeX package

(/usr/share/texmf/tex/latex/base/t1enc.def
File: t1enc.def 2004/02/22 v1.99f Standard LaTeX file
LaTeX Font Info:    Redeclaring font encoding T1 on input line 43.
))
(/usr/share/texmf/tex/generic/babel/babel.sty
Package: babel 2004/11/20 v3.8d The Babel package

(/usr/share/texmf/tex/generic/babel/frenchb.ldf
Language: french 2004/04/02 v1.6f French support from the babel system

(/usr/share/texmf/tex/generic/babel/babel.def
File: babel.def 2004/11/20 v3.8d Babel common definitions
\babel@savecnt=\count87
\U@D=\dimen103
)
Package babel Info: Making : an active character on input line 219.
Package babel Info: Making ; an active character on input line 220.
Package babel Info: Making ! an active character on input line 221.
Package babel Info: Making ? an active character on input line 222.
LaTeX Font Info:    Redeclaring font encoding T1 on input line 299.
\parindentFFN=\dimen104
\std@mcc=\count88
\dec@mcc=\count89

*************************************
* Local config file frenchb.cfg used
*
(/usr/share/texmf/tex/generic/babel/frenchb.cfg)))
(/usr/share/texmf/tex/latex/amsmath/amsmath.sty
Package: amsmath 2000/07/18 v2.13 AMS math features
\@mathmargin=\skip43

For additional information on amsmath, use the `?' option.
(/usr/share/texmf/tex/latex/amsmath/amstext.sty
Package: amstext 2000/06/29 v2.01

(/usr/share/texmf/tex/latex/amsmath/amsgen.sty
File: amsgen.sty 1999/11/30 v2.0
\@emptytoks=\toks14
\ex@=\dimen105
))
(/usr/share/texmf/tex/latex/amsmath/amsbsy.sty
Package: amsbsy 1999/11/29 v1.2d
\pmbraise@=\dimen106
)
(/usr/share/texmf/tex/latex/amsmath/amsopn.sty
Package: amsopn 1999/12/14 v2.01 operator names
)
\inf@bad=\count90
LaTeX Info: Redefining \frac on input line 211.
\uproot@=\count91
\leftroot@=\count92
LaTeX Info: Redefining \overline on input line 307.
\classnum@=\count93
\DOTSCASE@=\count94
LaTeX Info: Redefining \ldots on input line 379.
LaTeX Info: Redefining \dots on input line 382.
LaTeX Info: Redefining \cdots on input line 467.
\Mathstrutbox@=\box26
\strutbox@=\box27
\big@size=\dimen107
LaTeX Font Info:    Redeclaring font encoding OML on input line 567.
LaTeX Font Info:    Redeclaring font encoding OMS on input line 568.
\macc@depth=\count95
\c@MaxMatrixCols=\count96
\dotsspace@=\muskip10
\c@parentequation=\count97
\dspbrk@lvl=\count98
\tag@help=\toks15
\row@=\count99
\column@=\count100
\maxfields@=\count101
\andhelp@=\toks16
\eqnshift@=\dimen108
\alignsep@=\dimen109
\tagshift@=\dimen110
\tagwidth@=\dimen111
\totwidth@=\dimen112
\lineht@=\dimen113
\@envbody=\toks17
\multlinegap=\skip44
\multlinetaggap=\skip45
\mathdisplay@stack=\toks18
LaTeX Info: Redefining \[ on input line 2666.
LaTeX Info: Redefining \] on input line 2667.
)
(/usr/share/texmf/tex/latex/wasysym/wasysym.sty
Package: wasysym 2003/10/30 v2.0 Wasy-2 symbol support package
\symwasy=\mathgroup4
LaTeX Font Info:    Overwriting symbol font `wasy' in version `bold'
(Font)                  U/wasy/m/n --> U/wasy/b/n on input line 90.
)
(/usr/share/texmf/tex/latex/hyperref/hyperref.sty
Package: hyperref 2003/11/30 v6.74m Hypertext links for LaTeX

(/usr/share/texmf/tex/latex/graphics/keyval.sty
Package: keyval 1999/03/16 v1.13 key=value parser (DPC)
\KV@toks@=\toks19
)
\@linkdim=\dimen114
\Hy@linkcounter=\count102
\Hy@pagecounter=\count103

(/usr/share/texmf/tex/latex/hyperref/pd1enc.def
File: pd1enc.def 2003/11/30 v6.74m Hyperref: PDFDocEncoding definition (HO)
)
(/usr/share/texmf/tex/latex/hyperref/hyperref.cfg
File: hyperref.cfg 2002/06/06 v1.2 hyperref configuration of TeXLive and teTeX
)
Package hyperref Info: Option `colorlinks' set `true' on input line 1830.
Package hyperref Info: Hyper figures OFF on input line 1880.
Package hyperref Info: Link nesting OFF on input line 1885.
Package hyperref Info: Hyper index ON on input line 1888.
Package hyperref Info: Plain pages ON on input line 1893.
Package hyperref Info: Backreferencing OFF on input line 1900.

Implicit mode ON; LaTeX internals redefined
Package hyperref Info: Bookmarks ON on input line 2004.
(/usr/share/texmf/tex/latex/url/url.sty
\Urlmuskip=\muskip11
Package: url 2004/03/15  ver 3.1  Verb mode for urls, etc.
)
LaTeX Info: Redefining \url on input line 2143.
\Fld@menulength=\count104
\Field@Width=\dimen115
\Fld@charsize=\dimen116
\Choice@toks=\toks20
\Field@toks=\toks21
Package hyperref Info: Hyper figures OFF on input line 2618.
Package hyperref Info: Link nesting OFF on input line 2623.
Package hyperref Info: Hyper index ON on input line 2626.
Package hyperref Info: backreferencing OFF on input line 2633.
Package hyperref Info: Link coloring ON on input line 2636.

Hyperref stopped early
)
*hyperref using driver htex4ht*
(/usr/share/texmf/tex/latex/hyperref/htex4ht.def
File: htex4ht.def 2003/11/30 v6.74m Hyperref driver for TeX4ht

hyperref tex4ht: tex4ht already loaded
) (/users/lit/keryell/TeX/bib/perso2e.sty
\une@boiteperso=\box28
\une@autreboiteperso=\box29
\c@XItmp=\count105
\c@pageautre=\count106
\@bellecitationdim=\dimen117
\parindentorig=\dimen118
)
(/users/lit/keryell/TeX/bib/LienPDF.sty)
(/users/lit/keryell/TeX/bib/abbrev_reactive.sty
(/usr/share/texmf/tex/latex/tools/xspace.sty
Package: xspace 1997/10/13 v1.06 Space after command names (DPC)
)
(/usr/share/texmf/tex/latex/comment/comment.sty
\CommentStream=\write3
 Excluding comment 'comment'))
(../../bib/include.tex)
\@indexfile=\write4
\openout4 = `index.idx'.


Writing index file index.idx
(/usr/share/texmf/tex/generic/tex4ht/tex4ht.4ht
version 2005-02-21-19:18
--------------------------------------
--- Note --- for additional information, use the command line option `info'
--------------------------------------

::::::::::::::::::::::::::::::::::::::::::
 TeX4ht info is available in the log file 
::::::::::::::::::::::::::::::::::::::::::
) (/usr/share/texmf/tex/generic/tex4ht/tex4ht.sty
version 2005-03-25-09:49

(/usr/share/texmf/tex/latex/graphics/color.sty
Package: color 1999/02/16 v1.0i Standard LaTeX Color (DPC)

(/usr/share/texmf/tex/latex/graphics/color.cfg
File: color.cfg 2005/02/03 v1.3 color configuration of teTeX/TeXLive
)
Package color Info: Driver file: dvips.def on input line 125.

(/usr/share/texmf/tex/latex/graphics/dvips.def
File: dvips.def 1999/02/16 v3.0i Driver-dependant file (DPC,SPQR)
)
(/usr/share/texmf/tex/latex/graphics/dvipsnam.def
File: dvipsnam.def 1999/02/16 v3.0i Driver-dependant file (DPC,SPQR)
))
--- needs --- tex4ht index ---
\tmp:cnt=\count107
\openout15 = `index.tmp'.

(./index.tmp)
\tmp:toks=\toks22
\tmp:dim=\skip46
--------------------------------------
--- Note --- for XML code, use the command line option `xml' or `xhtml'
--------------------------------------
 (./index.xref)
\:refout=\write5
\openout5 = `index.xref'.

 (/usr/share/texmf/tex/generic/tex4ht/html4.4ht
version 2005-03-26-10:15
--------------------------------------
--- Note --- to remove the DOCTYPE declaration use the command line option `no-
DOCTYPE'
--------------------------------------
)
(/usr/share/texmf/tex/generic/tex4ht/html4-math.4ht
version 2005-03-26-10:15
)
--------------------------------------
--- Note --- for marking of the base font, use the command line option `fonts+'

--------------------------------------
--------------------------------------
--- Note --- for non active _, use the command line option `no_'
--------------------------------------
--------------------------------------
--- Note --- for _ of catcode 13, use the command line option `_13'
--------------------------------------
--------------------------------------
--- Note --- for non active ^, use the command line option `no^'
--------------------------------------
--------------------------------------
--- Note --- for ^ of catcode 13, use the command line option `^13'
--------------------------------------

(/usr/share/texmf/tex/generic/tex4ht/html4.4ht
version 2005-03-26-10:15
--------------------------------------
--- Note --- for alternative charset, use the command line option `charset=...'

--------------------------------------
--------------------------------------
--- Note --- to ignore CSS font decoration, use the `NoFonts' command line opti
on
--------------------------------------
--------------------------------------
--- Note --- for jpg bitmaps, use the `jpg' command line option
--------------------------------------
--------------------------------------
--- Note --- for gif bitmaps, use the `gif' command line option
--------------------------------------
--------------------------------------
--- Note --- for content and toc in 2 frames, use the command line option `fram
es'
--------------------------------------
--------------------------------------
--- Note --- for content, toc, and footnotes in 3 frames, use the command line 
option `frames-fn'
--------------------------------------
--------------------------------------
--- Note --- for file extension name xht, use the command line option `xht'
--------------------------------------
TeX4ht package options: html
--------------------------------------
--- Note --- for inline CSS code, use the command line option `css-in'
--------------------------------------
--------------------------------------
--- Note --- for pop ups on mouse over, use the command line option `mouseover'

--------------------------------------
--------------------------------------
--- Note --- for addressing images in a subdirectory, use the command line opti
on `imgdir:.../'
--------------------------------------
)
(/usr/share/texmf/tex/generic/tex4ht/html4-math.4ht
version 2005-03-26-10:15
)
\:tokwrite=\toks23
\:tokpage=\toks24
--------------------------------------
--- Note --- for back links to toc, use the command line option `sections+'
--------------------------------------
--------------------------------------
--- Note --- for linear crosslinks of pages, use the command line option `next'

--------------------------------------
\openout15 = `index.4ct'.

\:tocout=\write6
\openout6 = `index.4tc'.


(/usr/share/texmf/tex/generic/tex4ht/html4.4ht
version 2005-03-26-10:15
)
(/usr/share/texmf/tex/generic/tex4ht/html4-math.4ht
version 2005-03-26-10:15
)
(/usr/share/texmf/tex/generic/tex4ht/latex.4ht
version 2005-03-27-10:43
--------------------------------------
--- Note --- for links into captions, instead of float heads, use the command l
ine option `refcaption'
--------------------------------------

(/usr/share/texmf/tex/generic/tex4ht/html4.4ht
version 2005-03-26-10:15
--------------------------------------
--- Note --- for enumerated list elements li's without value attributes, use th
e command line option `li-'
--------------------------------------
--------------------------------------
--- Note --- for CSS2 code, use the command line option `css2'
--------------------------------------
--------------------------------------
--- Note --- for pictorial tabular, use the command line option `pic-tabular'
--------------------------------------
--------------------------------------
--- Note --- for bitmap fbox'es, use the command line option `pic-fbox'
--------------------------------------
--------------------------------------
--- Note --- for bitmap framebox'es, use the command line option `pic-framebox'

--------------------------------------
--------------------------------------
--- Note --- for inline footnotes use command line option `fn-in'
--------------------------------------
--------------------------------------
--- Note --- for a JavaHelp output format, use the command line option `javahel
p'
--------------------------------------
--------------------------------------
--- Note --- for tracing of latex font commands, use the command line option `f
onts'
--------------------------------------
--------------------------------------
--- Note --- for width specifications of tabular p entries, use the `p-width' c
ommand line option or a configuration similar to \Configure{HColWidth}{\HCode{ 
style="width:\HColWidth"}}
--------------------------------------
)
(/usr/share/texmf/tex/generic/tex4ht/html4-math.4ht
version 2005-03-26-10:15
--------------------------------------
--- Note --- for pictorial eqnarray, use the command line option `pic-eqnarray'

--------------------------------------
--------------------------------------
--- Note --- for pictorial array, use the command line option `pic-array'
--------------------------------------
--------------------------------------
--- Note --- for pictorial $...$ environments, use the command line option `pic
-m' (not recommended!!)
--------------------------------------
--------------------------------------
--- Note --- for pictorial $...$ and $$...$$ environments with latex alt, use t
he command line option `pic-m+' (not safe!!)
--------------------------------------
--------------------------------------
--- Note --- for pictorial array, use the command line option `pic-array'
--------------------------------------
))
(/usr/share/texmf/tex/generic/tex4ht/fontmath.4ht
version 2005-03-27-10:43

(/usr/share/texmf/tex/generic/tex4ht/html4.4ht
version 2005-03-26-10:15
)
(/usr/share/texmf/tex/generic/tex4ht/html4-math.4ht
version 2005-03-26-10:15
))
(/usr/share/texmf/tex/generic/tex4ht/article.4ht
version 2005-03-27-10:43

(/usr/share/texmf/tex/generic/tex4ht/html4.4ht
version 2005-03-26-10:15
--------------------------------------
--- Note --- for automatic sectioning pagination, use the command line option `
1', `2', `3', '4', '5', '6', or '7'
--------------------------------------
--------------------------------------
--- Note --- for files named after section titles, use the command line option 
`sec-filename'
--------------------------------------
--------------------------------------
--- Note --- for i-columns index, use the command line option `index=i' (e.g., 
index=2)
--------------------------------------
)
(/usr/share/texmf/tex/generic/tex4ht/html4-math.4ht
version 2005-03-26-10:15
))
(/usr/share/texmf/tex/generic/tex4ht/inputenc.4ht
version 2005-03-27-10:43

(/usr/share/texmf/tex/generic/tex4ht/html4.4ht
version 2005-03-26-10:15
)
(/usr/share/texmf/tex/generic/tex4ht/html4-math.4ht
version 2005-03-26-10:15
))
(/usr/share/texmf/tex/generic/tex4ht/latin1.4ht
version 2005-03-27-10:43

(/usr/share/texmf/tex/generic/tex4ht/html4.4ht
version 2005-03-26-10:15
)
(/usr/share/texmf/tex/generic/tex4ht/html4-math.4ht
version 2005-03-26-10:15
))
(/usr/share/texmf/tex/generic/tex4ht/babel.4ht
version 2005-03-27-10:43

(/usr/share/texmf/tex/generic/tex4ht/html4.4ht
version 2005-03-26-10:15
)
(/usr/share/texmf/tex/generic/tex4ht/html4-math.4ht
version 2005-03-26-10:15
))
(/usr/share/texmf/tex/generic/tex4ht/frenchb.4ht
version 2005-03-27-10:43

(/usr/share/texmf/tex/generic/tex4ht/html4.4ht
version 2005-03-26-10:15
\tmp:bx=\box30
)
(/usr/share/texmf/tex/generic/tex4ht/html4-math.4ht
version 2005-03-26-10:15
))
(/usr/share/texmf/tex/generic/tex4ht/amsmath.4ht
version 2005-03-27-10:43
\tmp:muskip=\muskip12

(/usr/share/texmf/tex/generic/tex4ht/html4.4ht
version 2005-03-26-10:15
)
(/usr/share/texmf/tex/generic/tex4ht/html4-math.4ht
version 2005-03-26-10:15
))
(/usr/share/texmf/tex/generic/tex4ht/amstext.4ht
version 2005-03-27-10:43

(/usr/share/texmf/tex/generic/tex4ht/html4.4ht
version 2005-03-26-10:15
)
(/usr/share/texmf/tex/generic/tex4ht/html4-math.4ht
version 2005-03-26-10:15
))
(/usr/share/texmf/tex/generic/tex4ht/amsbsy.4ht
version 2005-03-27-10:43

(/usr/share/texmf/tex/generic/tex4ht/html4.4ht
version 2005-03-26-10:15
)
(/usr/share/texmf/tex/generic/tex4ht/html4-math.4ht
version 2005-03-26-10:15
))
(/usr/share/texmf/tex/generic/tex4ht/amsopn.4ht
version 2005-03-27-10:43

(/usr/share/texmf/tex/generic/tex4ht/html4.4ht
version 2005-03-26-10:15
)
(/usr/share/texmf/tex/generic/tex4ht/html4-math.4ht
version 2005-03-26-10:15
))
(/usr/share/texmf/tex/generic/tex4ht/hyperref.4ht
version 2005-03-27-10:43

l.96 --- TeX4ht warning --- \usepackage[...]{hyperref} assumes `pdf' option, no
t `tex4ht' ---
l.285 --- TeX4ht warning --- \href of hyperref.sty introduces the prefix `file:
' to prefix-free references. The command \hyperlinkfileprefix{...} may be used 
for changing the prefix (probably \hyperlinkfileprefix{}). ---
(/usr/share/texmf/tex/generic/tex4ht/html4.4ht
version 2005-03-26-10:15
)
(/usr/share/texmf/tex/generic/tex4ht/html4-math.4ht
version 2005-03-26-10:15
))
(/usr/share/texmf/tex/generic/tex4ht/pd1enc.4ht
version 2005-03-27-10:43

(/usr/share/texmf/tex/generic/tex4ht/html4.4ht
version 2005-03-26-10:15
)
(/usr/share/texmf/tex/generic/tex4ht/html4-math.4ht
version 2005-03-26-10:15
))
(/usr/share/texmf/tex/generic/tex4ht/url.4ht
version 2005-03-27-10:43

(/usr/share/texmf/tex/generic/tex4ht/html4.4ht
version 2005-03-26-10:15
--------------------------------------
--- Note --- for URL encoding within href use the command line option `url-enc'

--------------------------------------
)
(/usr/share/texmf/tex/generic/tex4ht/html4-math.4ht
version 2005-03-26-10:15
))
(/usr/share/texmf/tex/generic/tex4ht/color.4ht
version 2005-03-27-10:43

(/usr/share/texmf/tex/generic/tex4ht/html4.4ht
version 2005-03-26-10:15
)
(/usr/share/texmf/tex/generic/tex4ht/html4-math.4ht
version 2005-03-26-10:15
))
(/usr/share/texmf/tex/generic/tex4ht/dvips.4ht
version 2005-03-27-10:43

(/usr/share/texmf/tex/generic/tex4ht/html4.4ht
version 2005-03-26-10:15
)
(/usr/share/texmf/tex/generic/tex4ht/html4-math.4ht
version 2005-03-26-10:15
))
(/usr/share/texmf/tex/generic/tex4ht/dvipsnam.4ht
version 2005-03-27-10:43

(/usr/share/texmf/tex/latex/graphics/dvipsnam.def)
(/usr/share/texmf/tex/generic/tex4ht/html4.4ht
version 2005-03-26-10:15
)
(/usr/share/texmf/tex/generic/tex4ht/html4-math.4ht
version 2005-03-26-10:15
))
(/usr/share/texmf/tex/generic/tex4ht/html4.4ht
version 2005-03-26-10:15
)
(/usr/share/texmf/tex/generic/tex4ht/html4-math.4ht
version 2005-03-26-10:15
)) (./index.aux)
\openout1 = `index.aux'.

LaTeX Font Info:    Checking defaults for OML/cmm/m/it on input line 22.
LaTeX Font Info:    ... okay on input line 22.
LaTeX Font Info:    Checking defaults for T1/lmr/m/n on input line 22.
LaTeX Font Info:    Try loading font information for T1+lmr on input line 22.

(/usr/share/texmf/tex/latex/lm/t1lmr.fd
File: t1lmr.fd 2003/07/22 v1.1 Font defs for Latin Modern
)
LaTeX Font Info:    ... okay on input line 22.
LaTeX Font Info:    Checking defaults for OT1/cmr/m/n on input line 22.
LaTeX Font Info:    ... okay on input line 22.
LaTeX Font Info:    Checking defaults for OMS/cmsy/m/n on input line 22.
LaTeX Font Info:    ... okay on input line 22.
LaTeX Font Info:    Checking defaults for OMX/cmex/m/n on input line 22.
LaTeX Font Info:    ... okay on input line 22.
LaTeX Font Info:    Checking defaults for U/cmr/m/n on input line 22.
LaTeX Font Info:    ... okay on input line 22.
LaTeX Font Info:    Checking defaults for PD1/pdf/m/n on input line 22.
LaTeX Font Info:    ... okay on input line 22.


Package frenchb.ldf Warning: The definition of \@makecaption has been changed,
(frenchb.ldf)                frenchb will NOT customize it;
(frenchb.ldf)                reported on input line 22.

LaTeX Info: Redefining \dots on input line 22.
Package hyperref Info: Link coloring ON on input line 22.
LaTeX Info: Redefining \ref on input line 22.
LaTeX Info: Redefining \pageref on input line 22.
--- file index.css ---
LaTeX Font Info:    Try loading font information for U+wasy on input line 22.
(/usr/share/texmf/tex/latex/wasysym/uwasy.fd
File: uwasy.fd 2003/10/30 v2.0 Wasy-2 symbol font definitions
) [1

] [2]
LaTeX Font Info:    Try loading font information for T1+cmtt on input line 35.

(/usr/share/texmf/tex/latex/base/t1cmtt.fd
File: t1cmtt.fd 1999/05/25 v2.5h Standard LaTeX font definitions
) (./index.4ct) [3]
l.53 --- TeX4ht warning --- If not done so, the index is to be processed by 
  tex '\def\filename{{index}{idx}{4dx}{ind}} \input  idxmake.4ht' 
  makeindex -o index.ind index.4dx 
instead of 
  makeindex -o index.ind index.idx 
On some platforms, the quotation marks ' should be 
 replaced by double quotation marks " or eliminated.  ---
[4] [5] [6] (./index.aux) ) 
Here is how much of TeX's memory you used:
 8284 strings out of 94501
 96482 string characters out of 1176789
 283982 words of memory out of 1000000
 11262 multiletter control sequences out of 10000+50000
 18510 words of font info for 52 fonts, out of 500000 for 2000
 580 hyphenation exceptions out of 8191
 30i,6n,33p,687b,587s stack positions out of 1500i,500n,5000p,200000b,5000s

Output written on index.dvi (6 pages, 30748 bytes).
